<?xml version="1.0" encoding="UTF-8"?>
<!-- Generated by org.testng.reporters.JUnitReportReporter -->
<testsuite hostname="active35-Vostro-3800" failures="0" tests="1" name="project.Validation" time="5.372" errors="0" timestamp="2023-04-14T15:13:40 IST" skipped="0">
  <testcase classname="project.Validation" name="googletest" time="5.372"/>
  <system-out/>
</testsuite> <!-- project.Validation -->
