<?xml version="1.0" encoding="UTF-8"?>
<!-- Generated by org.testng.reporters.JUnitReportReporter -->
<testsuite hostname="active35-Vostro-3800" failures="0" tests="4" name="project.Depends" time="0.006" errors="0" timestamp="2023-04-14T17:06:02 IST" skipped="0">
  <testcase classname="project.Depends" name="searchpage" time="0.000"/>
  <system-out/>
  <testcase classname="project.Depends" name="homepage" time="0.001"/>
  <system-out/>
  <testcase classname="project.Depends" name="regpage" time="0.004"/>
  <system-out/>
  <testcase classname="project.Depends" name="login" time="0.001"/>
  <system-out/>
</testsuite> <!-- project.Depends -->
