<?xml version="1.0" encoding="UTF-8"?>
<!-- Generated by org.testng.reporters.JUnitReportReporter -->
<testsuite hostname="active35-Vostro-3800" failures="0" tests="3" name="project.EkbDB" time="19.947" errors="0" timestamp="2023-04-13T17:12:24 IST" skipped="1">
  <testcase classname="project.EkbDB" name="logodisplay" time="3.079"/>
  <system-out/>
  <testcase classname="project.EkbDB" name="signin" time="16.868"/>
  <system-out/>
  <testcase classname="project.EkbDB" name="product">
    <skipped/>
  </testcase> <!-- product -->
  <system-out/>
</testsuite> <!-- project.EkbDB -->
