<?xml version="1.0" encoding="UTF-8"?>
<!-- Generated by org.testng.reporters.JUnitReportReporter -->
<testsuite hostname="active35-Vostro-3800" failures="0" tests="20" name="project.InvocationCountTest" time="0.024" errors="0" timestamp="2023-04-14T17:06:02 IST" skipped="0">
  <testcase classname="project.InvocationCountTest" name="invoke" time="0.001"/>
  <system-out/>
  <testcase classname="project.InvocationCountTest" name="invoke" time="0.001"/>
  <system-out/>
  <testcase classname="project.InvocationCountTest" name="invoke" time="0.001"/>
  <system-out/>
  <testcase classname="project.InvocationCountTest" name="invoke" time="0.001"/>
  <system-out/>
  <testcase classname="project.InvocationCountTest" name="invoke" time="0.001"/>
  <system-out/>
  <testcase classname="project.InvocationCountTest" name="invoke" time="0.001"/>
  <system-out/>
  <testcase classname="project.InvocationCountTest" name="invoke" time="0.001"/>
  <system-out/>
  <testcase classname="project.InvocationCountTest" name="invoke" time="0.001"/>
  <system-out/>
  <testcase classname="project.InvocationCountTest" name="invoke" time="0.001"/>
  <system-out/>
  <testcase classname="project.InvocationCountTest" name="invoke" time="0.001"/>
  <system-out/>
  <testcase classname="project.InvocationCountTest" name="invoke" time="0.001"/>
  <system-out/>
  <testcase classname="project.InvocationCountTest" name="invoke" time="0.001"/>
  <system-out/>
  <testcase classname="project.InvocationCountTest" name="invoke" time="0.001"/>
  <system-out/>
  <testcase classname="project.InvocationCountTest" name="invoke" time="0.004"/>
  <system-out/>
  <testcase classname="project.InvocationCountTest" name="invoke" time="0.002"/>
  <system-out/>
  <testcase classname="project.InvocationCountTest" name="invoke" time="0.001"/>
  <system-out/>
  <testcase classname="project.InvocationCountTest" name="invoke" time="0.001"/>
  <system-out/>
  <testcase classname="project.InvocationCountTest" name="invoke" time="0.001"/>
  <system-out/>
  <testcase classname="project.InvocationCountTest" name="invoke" time="0.001"/>
  <system-out/>
  <testcase classname="project.InvocationCountTest" name="invoke" time="0.001"/>
  <system-out/>
</testsuite> <!-- project.InvocationCountTest -->
