<?xml version="1.0" encoding="UTF-8"?>
<!-- Generated by org.testng.reporters.JUnitReportReporter -->
<testsuite hostname="active35-Vostro-3800" failures="0" tests="3" name="project.EkbDB" time="25.718" errors="0" timestamp="2023-04-13T17:23:51 IST" skipped="1">
  <testcase classname="project.EkbDB" name="logodisplay" time="7.395"/>
  <system-out/>
  <testcase classname="project.EkbDB" name="signin" time="18.323"/>
  <system-out/>
  <testcase classname="project.EkbDB" name="product">
    <skipped/>
  </testcase> <!-- product -->
  <system-out/>
</testsuite> <!-- project.EkbDB -->
