<?xml version="1.0" encoding="UTF-8"?>
<!-- Generated by org.testng.reporters.JUnitReportReporter -->
<testsuite hostname="active35-Vostro-3800" failures="0" tests="1" name="com.params.Parameters" time="77.169" errors="0" timestamp="2023-04-15T10:38:24 IST" skipped="0">
  <testcase classname="com.params.Parameters" name="yahoologin" time="77.169"/>
  <system-out/>
</testsuite> <!-- com.params.Parameters -->
