<?xml version="1.0" encoding="UTF-8"?>
<!-- Generated by org.testng.reporters.JUnitReportReporter -->
<testsuite hostname="active35-Vostro-3800" failures="0" tests="3" name="project.GoogleTest" time="12.685" errors="0" timestamp="2023-04-14T17:06:02 IST" skipped="0">
  <testcase classname="project.GoogleTest" name="launchbrowser" time="2.590"/>
  <system-out/>
  <testcase classname="project.GoogleTest" name="pricingclick" time="7.468"/>
  <system-out/>
  <testcase classname="project.GoogleTest" name="logodisplay" time="2.627"/>
  <system-out/>
</testsuite> <!-- project.GoogleTest -->
