<?xml version="1.0" encoding="UTF-8"?>
<!-- Generated by org.testng.reporters.JUnitReportReporter -->
<testsuite hostname="active35-Vostro-3800" failures="0" tests="1" name="project.Validation" time="2.611" errors="0" timestamp="2023-04-14T17:06:02 IST" skipped="0">
  <testcase classname="project.Validation" name="googletest" time="2.611"/>
  <system-out/>
</testsuite> <!-- project.Validation -->
