<?xml version="1.0" encoding="UTF-8"?>
<!-- Generated by org.testng.reporters.JUnitReportReporter -->
<testsuite hostname="active35-Vostro-3800" failures="0" tests="3" name="project.EkbDB" time="48.246" errors="0" timestamp="2023-04-14T12:07:00 IST" skipped="0">
  <testcase classname="project.EkbDB" name="logodisplay" time="4.200"/>
  <system-out/>
  <testcase classname="project.EkbDB" name="signin" time="40.402"/>
  <system-out/>
  <testcase classname="project.EkbDB" name="product" time="3.644"/>
  <system-out/>
</testsuite> <!-- project.EkbDB -->
