<?xml version="1.0" encoding="UTF-8"?>
<!-- Generated by org.testng.reporters.JUnitReportReporter -->
<testsuite hostname="active35-Vostro-3800" failures="0" tests="3" name="project.EkbDB" time="33.972" errors="0" timestamp="2023-04-14T17:06:02 IST" skipped="1">
  <testcase classname="project.EkbDB" name="logodisplay" time="2.268"/>
  <system-out/>
  <testcase classname="project.EkbDB" name="signin" time="31.704"/>
  <system-out/>
  <testcase classname="project.EkbDB" name="product">
    <skipped/>
  </testcase> <!-- product -->
  <system-out/>
</testsuite> <!-- project.EkbDB -->
