<?xml version="1.0" encoding="UTF-8"?>
<!-- Generated by org.testng.reporters.JUnitReportReporter -->
<testsuite hostname="active35-Vostro-3800" failures="0" tests="3" name="project.GoogleTest" time="12.696" errors="0" timestamp="2023-04-13T15:25:36 IST" skipped="0">
  <testcase classname="project.GoogleTest" name="launchbrowser" time="4.263"/>
  <system-out/>
  <testcase classname="project.GoogleTest" name="pricingclick" time="5.863"/>
  <system-out/>
  <testcase classname="project.GoogleTest" name="logodisplay" time="2.570"/>
  <system-out/>
</testsuite> <!-- project.GoogleTest -->
